commit 28ee24b24c02b738e5c25022efcc8f753384a425
Author: Paul Bae <pbae@utexas.edu>
Date:   Fri Apr 17 01:15:11 2015 +0000

    head master

commit bfccb4617a11a212d29c28961c394aac00ce76ab
Author: Paul Bae <pbae@utexas.edu>
Date:   Fri Apr 17 01:13:08 2015 +0000

    head master

commit 1a9c6ab4e73f334d00d02e43466db317d277a683
Author: Paul Bae <pbae@utexas.edu>
Date:   Fri Apr 17 01:10:44 2015 +0000

    head master

commit 35df823ebeb32158d602d9f37191e807c4c30605
Author: Paul Bae <pbae@utexas.edu>
Date:   Fri Apr 17 01:08:35 2015 +0000

    head master

commit 4242030702f2305a5b04663ae286eb343288cb17
Author: Paul Bae <pbae@utexas.edu>
Date:   Fri Apr 17 01:06:28 2015 +0000

    head master

commit a27c7116c41a90ff4bc28f66211700a9aa0b5622
Author: Paul Bae <pbae@utexas.edu>
Date:   Thu Apr 16 20:04:08 2015 -0500

    head master

commit 0163767937fb36886750bdec8290267995e55d91
Author: Paul Bae <pbae@utexas.edu>
Date:   Thu Apr 16 20:00:29 2015 -0500

    https

commit 5c78811b3cc1837347100c10bf75ca99c26a3564
Author: Paul Bae <pbae@utexas.edu>
Date:   Thu Apr 16 19:57:12 2015 -0500

    trying git credentials

commit c03f14fcbe0a3e21f253c354067b42c172f42b8e
Author: Paul Bae <pbae@utexas.edu>
Date:   Thu Apr 16 19:53:37 2015 -0500

    temp

commit 637fd5b34697c5f97d13537db2b46d74a9ce7944
Author: Paul Bae <pbae@utexas.edu>
Date:   Thu Apr 16 19:46:47 2015 -0500

    origin master

commit bcbe56801a9209aa2ca569b8ddd4b53316f9e7ca
Author: Paul Bae <pbae@utexas.edu>
Date:   Thu Apr 16 19:36:53 2015 -0500

    added branch master

commit ddee520b918a598a7df1b20149fe4e9fed2dc584
Author: Paul Bae <pbae@utexas.edu>
Date:   Thu Apr 16 19:33:03 2015 -0500

    some temp

commit 21cd532bf565d348c020b0950e483ddbc4320e04
Author: Paul Bae <pbae@utexas.edu>
Date:   Thu Apr 16 19:23:29 2015 -0500

    trying https tokens

commit 1e7fabc8f96fa171cda0c531bffe17f5b8d334f2
Author: Paul Bae <pbae@utexas.edu>
Date:   Thu Apr 16 19:16:11 2015 -0500

    made new ssh key without passphrase

commit 6c2b6c356974ee286c2e3fcc8d084502f2da0c85
Author: Paul Bae <pbae@utexas.edu>
Date:   Thu Apr 16 19:08:46 2015 -0500

    removed ssh agent

commit c97853c2bdfae7f45c3a634005529f938633e6dc
Author: Paul Bae <pbae@utexas.edu>
Date:   Thu Apr 16 19:01:33 2015 -0500

    fixed travis yml

commit c7a8059d3ef212e7f5f0176fde5cf286cc5391bb
Author: Paul Bae <pbae@utexas.edu>
Date:   Thu Apr 16 18:49:47 2015 -0500

    retrying something

commit 4d4798ea526fdf4990984f9bfe89554c87006619
Author: Paul Bae <pbae@utexas.edu>
Date:   Thu Apr 16 18:43:32 2015 -0500

    updated travis.bash

commit a8746ce99a2d7b55ede5046dcf7ca98cd918191d
Author: Paul Bae <pbae@utexas.edu>
Date:   Thu Apr 16 18:43:22 2015 -0500

    trying after success

commit 5197a9b6c30dea8e74c873acf2f6ece493b6162c
Author: Paul Bae <pbae@utexas.edu>
Date:   Thu Apr 16 18:40:14 2015 -0500

    eval ssh agent

commit 7d9ccbb728ede612727a783739b9fb10fdfbfc46
Author: Paul Bae <pbae@utexas.edu>
Date:   Thu Apr 16 18:38:03 2015 -0500

    fixed formatting

commit f0b289971e33bcc753f7ae8bd051dd7f1718e88a
Author: Paul Bae <pbae@utexas.edu>
Date:   Thu Apr 16 18:36:50 2015 -0500

    moved push to travis.bash

commit 351cc043b99008e93a201afe56a18facfe226afe
Author: Paul Bae <pbae@utexas.edu>
Date:   Thu Apr 16 18:31:53 2015 -0500

    fixed up travis yml

commit 37a83d54963675b78230b182621887c6961b7730
Author: Paul Bae <pbae@utexas.edu>
Date:   Thu Apr 16 18:29:56 2015 -0500

    added commit name and commit email

commit 1cbb205dc556e3d8d2812c51de46a0a15afe2d6e
Author: Paul Bae <pbae@utexas.edu>
Date:   Thu Apr 16 18:23:06 2015 -0500

    added encrypted ssh key

commit 9aa80d366c8ce04d0ada688076f70cb849c47658
Author: Paul Bae <pbae@utexas.edu>
Date:   Thu Apr 16 18:18:19 2015 -0500

    gitignore for coverage

commit 64458ca30530262a4b96a86099f817ebdea6edad
Author: Paul Bae <pbae@utexas.edu>
Date:   Thu Apr 16 17:39:17 2015 -0500

    updated README

commit febc437bb6b1bfe8565163c2151db64d27826c3c
Author: Paul Bae <pbae@utexas.edu>
Date:   Thu Apr 16 17:38:43 2015 -0500

    updated requirements.txt

commit a67ce545c8cb4e44eec7715a6f1d117d09f0d2c1
Author: Paul Bae <pbae@utexas.edu>
Date:   Thu Apr 16 17:31:35 2015 -0500

    moved documentation generation out of travis

commit 45950f552664677dd8c13c355699357c074dde35
Author: Paul Bae <pbae@utexas.edu>
Date:   Thu Apr 16 16:25:56 2015 -0500

    removed IDB.log in travis.bash

commit 39c67079114fcb2a28bd4f9a136cc427f108cdc2
Author: Paul Bae <pbae@utexas.edu>
Date:   Thu Apr 16 16:19:40 2015 -0500

    updated travis script to remove test.db

commit b3c56c258f40db1583293289e22b993aed3e08fe
Author: Paul Bae <pbae@utexas.edu>
Date:   Thu Apr 16 16:16:01 2015 -0500

    done with travis.bash

commit 3b8171a6a151937cdb265e4d0072b32889b599c5
Author: Paul Bae <pbae@utexas.edu>
Date:   Thu Apr 16 16:14:20 2015 -0500

    edited travis.bash

commit aeaf317caf5ea260ccbe822326593769364c6710
Author: Paul Bae <pbae@utexas.edu>
Date:   Thu Apr 16 16:08:55 2015 -0500

    Merge branch 'master' of github.com:zaneu/cs373-idb

commit e272b9726fd6884b4fb3683a5ff525a7808554ec
Author: Paul Bae <pbae@utexas.edu>
Date:   Thu Apr 16 16:08:44 2015 -0500

    added links to drinks to ingredient pages, resolves #48

commit eabf1b9e1582717c0de08f0c1d60e3c35b79db1f
Author: Zane Urbanski <zane.urbanski@gmail.com>
Date:   Thu Apr 16 15:45:46 2015 -0500

    added links to drinks to ingredient pages, resolves #48

commit da1a1e3d4b7c2e765c0e98585319de9e8811e754
Author: Paul Bae <pbae@utexas.edu>
Date:   Thu Apr 16 15:52:11 2015 -0500

    generates FreeSpirits documentation now

commit f16eadf58a509e1474c8b2354314e1946e35376b
Author: Paul Bae <pbae@utexas.edu>
Date:   Thu Apr 16 15:28:06 2015 -0500

    Travis CI Unit tests working

commit 3a5f49174da879b358d46941f0e5a2cd34924188
Author: Paul Bae <pbae@utexas.edu>
Date:   Thu Apr 16 15:24:23 2015 -0500

    fixed python version in the travis ci

commit 84b532d17cee7477a00834d8baba20ee9cf37775
Author: Paul Bae <pbae@utexas.edu>
Date:   Thu Apr 16 15:18:02 2015 -0500

    added up initial Travis CI

commit 82abdd19d0895d542d4a34a8f3f89991a8b1edd9
Author: Zane Urbanski <zane.urbanski@gmail.com>
Date:   Fri Apr 10 12:20:22 2015 -0500

    changed 404 page to only have image

commit 86915f3a62f02a856a5fb877ea82fb8e19a40666
Author: Fang Tang <jindtang@utexas.edu>
Date:   Thu Apr 9 21:27:17 2015 -0500

    add IDB.log

commit aad90c44f54ce68c7fea093beaea982338e74ee3
Merge: 16a3858 50aa290
Author: Fang Tang <jindtang@utexas.edu>
Date:   Thu Apr 9 20:43:06 2015 -0500

    Merge branch 'master' of https://github.com/zaneu/cs373-idb

commit 16a38589b71996c326ca31a63f5ea41adfef36ea
Author: Fang Tang <jindtang@utexas.edu>
Date:   Thu Apr 9 20:43:01 2015 -0500

    add api for single drink/ingredient id

commit 50aa2905d3702769dea6b57d27971d65df87a6b0
Merge: 5dcfb3f 7f40d75
Author: Paul Bae <pbae@utexas.edu>
Date:   Thu Apr 9 20:39:34 2015 -0500

    Merge pull request #47 from zaneu/sphinx
    
    Sphinx

commit 7f40d75a56d37e5e136fffa4486c3789ddd32c23
Author: Paul Bae <pbae@utexas.edu>
Date:   Thu Apr 9 20:38:59 2015 -0500

    removed doc

commit 67ad81dafefe4110606036e1c12dbde01839a8f2
Author: Ali Homafar <home.isfar@gmail.com>
Date:   Thu Apr 9 20:30:54 2015 -0500

    Duplicated html documentation into its own html dir in the project root directory

commit e30cdacc8f6962c97676c7b0884f198576b45511
Author: Ali Homafar <home.isfar@gmail.com>
Date:   Thu Apr 9 20:24:51 2015 -0500

    Removed unnnecessaary pages

commit 031fe31ca5a7e1ee8e986be93a66147800224e5c
Author: Ali Homafar <home.isfar@gmail.com>
Date:   Thu Apr 9 20:19:35 2015 -0500

    Sphinx documentation

commit 5dcfb3f679a497ad1d54a6828fbd9660834817ba
Merge: 2b5763a af09163
Author: Fang Tang <jindtang@utexas.edu>
Date:   Thu Apr 9 19:48:50 2015 -0500

    Merge branch 'master' of https://github.com/zaneu/cs373-idb

commit 2b5763ac02e1f56e3dc6b2b1a2466027ae20c88a
Author: Fang Tang <jindtang@utexas.edu>
Date:   Thu Apr 9 19:48:40 2015 -0500

    edit readme and about page

commit af09163624811538a91527f926cead8b3eb2df1d
Author: Paul Bae <pbae@utexas.edu>
Date:   Thu Apr 9 19:27:40 2015 -0500

    updated README

commit 9263d9b4dc9e7c3b24abad4f4906d4be3ff3e3e7
Author: Zane Urbanski <zane.urbanski@gmail.com>
Date:   Thu Apr 9 18:58:01 2015 -0500

    fixed issue with quantities not lining up, resolves #46

commit 4a6d95440314dc338b4066231e20489644e6e07d
Merge: c078951 31b1993
Author: Paul Bae <pbae@utexas.edu>
Date:   Thu Apr 9 18:54:44 2015 -0500

    Merge branch 'master' of github.com:zaneu/cs373-idb

commit c0789519bee427ec412e77db2760a155f469248e
Author: Paul Bae <pbae@utexas.edu>
Date:   Thu Apr 9 18:54:37 2015 -0500

    added dummy users

commit 31b1993b45c19d7a2c43a78e9e64705f4b2ba522
Author: Zane Urbanski <zane.urbanski@gmail.com>
Date:   Thu Apr 9 18:44:38 2015 -0500

    made ingredients on drink page links to ingredient page, resolves #39

commit 62252792bf3a2ea75c85c4a6835b9045d0c3d865
Author: Fang Tang <jindtang@utexas.edu>
Date:   Thu Apr 9 15:40:47 2015 -0500

    Merge branch 'master' of https://github.com/zaneu/cs373-idb

commit 30a2fdf738395369d2f907cf7d7668d1fd5530b7
Author: Paul Bae <pbae@utexas.edu>
Date:   Thu Apr 9 13:45:42 2015 -0500

    done with the testing page
